0 info it worked if it ends with ok
1 verbose cli [ '/usr/bin/node', '/usr/bin/npm', 'publish' ]
2 info using npm@4.0.5
3 info using node@v7.3.0
4 verbose publish [ '.' ]
5 silly cache add args [ '.', null ]
6 verbose cache add spec .
7 silly cache add parsed spec Result {
7 silly cache add   raw: '.',
7 silly cache add   scope: null,
7 silly cache add   escapedName: null,
7 silly cache add   name: null,
7 silly cache add   rawSpec: '.',
7 silly cache add   spec: '/home/mysun/git/simonmysun/tid',
7 silly cache add   type: 'directory' }
8 verbose addLocalDirectory /home/mysun/.npm/tid/0.0.6/package.tgz not in flight; packing
9 verbose correctMkdir /home/mysun/.npm correctMkdir not in flight; initializing
10 warn prepublish-on-install As of npm@5, `prepublish` scripts will run only for `npm publish`.
11 warn prepublish-on-install (In npm@4 and previous versions, it also runs for `npm install`.)
12 warn prepublish-on-install See the deprecation note in `npm help scripts` for more information.
13 info lifecycle tid@0.0.6~prepublish: tid@0.0.6
14 verbose lifecycle tid@0.0.6~prepublish: unsafe-perm in lifecycle true
15 verbose lifecycle tid@0.0.6~prepublish: PATH: /usr/lib/node_modules/npm/bin/node-gyp-bin:/home/mysun/git/simonmysun/tid/node_modules/.bin:/home/mysun/.gem/ruby/2.3.0/bin:/home/mysun//local/bin:/usr/local/sbin:/usr/local/bin:/usr/bin:/usr/lib/jvm/default/bin:/usr/bin/site_perl:/usr/bin/vendor_perl:/usr/bin/core_perl
16 verbose lifecycle tid@0.0.6~prepublish: CWD: /home/mysun/git/simonmysun/tid
17 silly lifecycle tid@0.0.6~prepublish: Args: [ '-c', 'npm run build' ]
18 silly lifecycle tid@0.0.6~prepublish: Returned: code: 1  signal: null
19 info lifecycle tid@0.0.6~prepublish: Failed to exec prepublish script
20 error addLocal Could not install /home/mysun/git/simonmysun/tid
21 verbose stack Error: tid@0.0.6 prepublish: `npm run build`
21 verbose stack Exit status 1
21 verbose stack     at EventEmitter.<anonymous> (/usr/lib/node_modules/npm/lib/utils/lifecycle.js:279:16)
21 verbose stack     at emitTwo (events.js:106:13)
21 verbose stack     at EventEmitter.emit (events.js:191:7)
21 verbose stack     at ChildProcess.<anonymous> (/usr/lib/node_modules/npm/lib/utils/spawn.js:40:14)
21 verbose stack     at emitTwo (events.js:106:13)
21 verbose stack     at ChildProcess.emit (events.js:191:7)
21 verbose stack     at maybeClose (internal/child_process.js:885:16)
21 verbose stack     at Process.ChildProcess._handle.onexit (internal/child_process.js:226:5)
22 verbose pkgid tid@0.0.6
23 verbose cwd /home/mysun/git/simonmysun/tid
24 error Linux 4.8.13-1-ARCH
25 error argv "/usr/bin/node" "/usr/bin/npm" "publish"
26 error node v7.3.0
27 error npm  v4.0.5
28 error code ELIFECYCLE
29 error tid@0.0.6 prepublish: `npm run build`
29 error Exit status 1
30 error Failed at the tid@0.0.6 prepublish script 'npm run build'.
30 error Make sure you have the latest version of node.js and npm installed.
30 error If you do, this is most likely a problem with the tid package,
30 error not with npm itself.
30 error Tell the author that this fails on your system:
30 error     npm run build
30 error You can get information on how to open an issue for this project with:
30 error     npm bugs tid
30 error Or if that isn't available, you can get their info via:
30 error     npm owner ls tid
30 error There is likely additional logging output above.
31 verbose exit [ 1, true ]
